\BOOKMARK [0][-]{chapter.1}{\376\377\000C\000l\000a\000s\000s\000\040\000I\000n\000d\000e\000x}{}
\BOOKMARK [1][-]{section.1.1}{\376\377\000C\000l\000a\000s\000s\000\040\000L\000i\000s\000t}{chapter.1}
\BOOKMARK [0][-]{chapter.2}{\376\377\000F\000i\000l\000e\000\040\000I\000n\000d\000e\000x}{}
\BOOKMARK [1][-]{section.2.1}{\376\377\000F\000i\000l\000e\000\040\000L\000i\000s\000t}{chapter.2}
\BOOKMARK [0][-]{chapter.3}{\376\377\000C\000l\000a\000s\000s\000\040\000D\000o\000c\000u\000m\000e\000n\000t\000a\000t\000i\000o\000n}{}
\BOOKMARK [1][-]{section.3.1}{\376\377\000B\000l\000o\000b\000\040\000C\000l\000a\000s\000s\000\040\000R\000e\000f\000e\000r\000e\000n\000c\000e}{chapter.3}
\BOOKMARK [2][-]{subsection.3.1.1}{\376\377\000C\000o\000n\000s\000t\000r\000u\000c\000t\000o\000r\000\040\000\046\000\040\000D\000e\000s\000t\000r\000u\000c\000t\000o\000r\000\040\000D\000o\000c\000u\000m\000e\000n\000t\000a\000t\000i\000o\000n}{section.3.1}
\BOOKMARK [3][-]{subsubsection.3.1.1.1}{\376\377\000B\000l\000o\000b}{subsection.3.1.1}
\BOOKMARK [3][-]{subsubsection.3.1.1.2}{\376\377\000B\000l\000o\000b}{subsection.3.1.1}
\BOOKMARK [3][-]{subsubsection.3.1.1.3}{\376\377\000B\000l\000o\000b}{subsection.3.1.1}
\BOOKMARK [2][-]{subsection.3.1.2}{\376\377\000M\000e\000m\000b\000e\000r\000\040\000D\000a\000t\000a\000\040\000D\000o\000c\000u\000m\000e\000n\000t\000a\000t\000i\000o\000n}{section.3.1}
\BOOKMARK [3][-]{subsubsection.3.1.2.1}{\376\377\000a\000r\000e\000a}{subsection.3.1.2}
\BOOKMARK [3][-]{subsubsection.3.1.2.2}{\376\377\000c\000e\000n\000t\000e\000r}{subsection.3.1.2}
\BOOKMARK [3][-]{subsubsection.3.1.2.3}{\376\377\000c\000o\000n\000t\000o\000u\000r}{subsection.3.1.2}
\BOOKMARK [3][-]{subsubsection.3.1.2.4}{\376\377\000p\000o\000s\000i\000t\000i\000o\000n}{subsection.3.1.2}
\BOOKMARK [1][-]{section.3.2}{\376\377\000B\000o\000d\000y\000P\000a\000r\000t\000\040\000C\000l\000a\000s\000s\000\040\000R\000e\000f\000e\000r\000e\000n\000c\000e}{chapter.3}
\BOOKMARK [2][-]{subsection.3.2.1}{\376\377\000C\000o\000n\000s\000t\000r\000u\000c\000t\000o\000r\000\040\000\046\000\040\000D\000e\000s\000t\000r\000u\000c\000t\000o\000r\000\040\000D\000o\000c\000u\000m\000e\000n\000t\000a\000t\000i\000o\000n}{section.3.2}
\BOOKMARK [3][-]{subsubsection.3.2.1.1}{\376\377\000B\000o\000d\000y\000P\000a\000r\000t}{subsection.3.2.1}
\BOOKMARK [3][-]{subsubsection.3.2.1.2}{\376\377\000B\000o\000d\000y\000P\000a\000r\000t}{subsection.3.2.1}
\BOOKMARK [2][-]{subsection.3.2.2}{\376\377\000M\000e\000m\000b\000e\000r\000\040\000F\000u\000n\000c\000t\000i\000o\000n\000\040\000D\000o\000c\000u\000m\000e\000n\000t\000a\000t\000i\000o\000n}{section.3.2}
\BOOKMARK [3][-]{subsubsection.3.2.2.1}{\376\377\000s\000i\000z\000e}{subsection.3.2.2}
\BOOKMARK [3][-]{subsubsection.3.2.2.2}{\376\377\000u\000p\000d\000a\000t\000e}{subsection.3.2.2}
\BOOKMARK [3][-]{subsubsection.3.2.2.3}{\376\377\000u\000p\000d\000a\000t\000e}{subsection.3.2.2}
\BOOKMARK [2][-]{subsection.3.2.3}{\376\377\000M\000e\000m\000b\000e\000r\000\040\000D\000a\000t\000a\000\040\000D\000o\000c\000u\000m\000e\000n\000t\000a\000t\000i\000o\000n}{section.3.2}
\BOOKMARK [3][-]{subsubsection.3.2.3.1}{\376\377\000b\000l\000o\000b}{subsection.3.2.3}
\BOOKMARK [3][-]{subsubsection.3.2.3.2}{\376\377\000h\000o\000g\000\137\000f\000e\000a\000t\000u\000r\000e\000s}{subsection.3.2.3}
\BOOKMARK [3][-]{subsubsection.3.2.3.3}{\376\377\000h\000o\000g\000\137\000i\000m\000a\000g\000e}{subsection.3.2.3}
\BOOKMARK [1][-]{section.3.3}{\376\377\000B\000o\000d\000y\000P\000a\000r\000t\000s\000\040\000C\000l\000a\000s\000s\000\040\000R\000e\000f\000e\000r\000e\000n\000c\000e}{chapter.3}
\BOOKMARK [2][-]{subsection.3.3.1}{\376\377\000M\000e\000m\000b\000e\000r\000\040\000F\000u\000n\000c\000t\000i\000o\000n\000\040\000D\000o\000c\000u\000m\000e\000n\000t\000a\000t\000i\000o\000n}{section.3.3}
\BOOKMARK [3][-]{subsubsection.3.3.1.1}{\376\377\000d\000r\000a\000w\000\137\000i\000n\000\137\000i\000m\000a\000g\000e}{subsection.3.3.1}
\BOOKMARK [3][-]{subsubsection.3.3.1.2}{\376\377\000u\000p\000d\000a\000t\000e}{subsection.3.3.1}
\BOOKMARK [2][-]{subsection.3.3.2}{\376\377\000M\000e\000m\000b\000e\000r\000\040\000D\000a\000t\000a\000\040\000D\000o\000c\000u\000m\000e\000n\000t\000a\000t\000i\000o\000n}{section.3.3}
\BOOKMARK [3][-]{subsubsection.3.3.2.1}{\376\377\000h\000e\000a\000d}{subsection.3.3.2}
\BOOKMARK [3][-]{subsubsection.3.3.2.2}{\376\377\000l\000e\000f\000t\000\137\000h\000a\000n\000d}{subsection.3.3.2}
\BOOKMARK [3][-]{subsubsection.3.3.2.3}{\376\377\000r\000i\000g\000h\000t\000\137\000h\000a\000n\000d}{subsection.3.3.2}
\BOOKMARK [1][-]{section.3.4}{\376\377\000C\000a\000p\000t\000u\000r\000e\000\040\000C\000l\000a\000s\000s\000\040\000R\000e\000f\000e\000r\000e\000n\000c\000e}{chapter.3}
\BOOKMARK [2][-]{subsection.3.4.1}{\376\377\000C\000o\000n\000s\000t\000r\000u\000c\000t\000o\000r\000\040\000\046\000\040\000D\000e\000s\000t\000r\000u\000c\000t\000o\000r\000\040\000D\000o\000c\000u\000m\000e\000n\000t\000a\000t\000i\000o\000n}{section.3.4}
\BOOKMARK [3][-]{subsubsection.3.4.1.1}{\376\377\000C\000a\000p\000t\000u\000r\000e}{subsection.3.4.1}
\BOOKMARK [2][-]{subsection.3.4.2}{\376\377\000M\000e\000m\000b\000e\000r\000\040\000F\000u\000n\000c\000t\000i\000o\000n\000\040\000D\000o\000c\000u\000m\000e\000n\000t\000a\000t\000i\000o\000n}{section.3.4}
\BOOKMARK [3][-]{subsubsection.3.4.2.1}{\376\377\000r\000u\000n}{subsection.3.4.2}
\BOOKMARK [1][-]{section.3.5}{\376\377\000C\000o\000m\000b\000i\000n\000e\000r\000\040\000C\000l\000a\000s\000s\000\040\000R\000e\000f\000e\000r\000e\000n\000c\000e}{chapter.3}
\BOOKMARK [2][-]{subsection.3.5.1}{\376\377\000C\000o\000n\000s\000t\000r\000u\000c\000t\000o\000r\000\040\000\046\000\040\000D\000e\000s\000t\000r\000u\000c\000t\000o\000r\000\040\000D\000o\000c\000u\000m\000e\000n\000t\000a\000t\000i\000o\000n}{section.3.5}
\BOOKMARK [3][-]{subsubsection.3.5.1.1}{\376\377\000C\000o\000m\000b\000i\000n\000e\000r}{subsection.3.5.1}
\BOOKMARK [2][-]{subsection.3.5.2}{\376\377\000M\000e\000m\000b\000e\000r\000\040\000F\000u\000n\000c\000t\000i\000o\000n\000\040\000D\000o\000c\000u\000m\000e\000n\000t\000a\000t\000i\000o\000n}{section.3.5}
\BOOKMARK [3][-]{subsubsection.3.5.2.1}{\376\377\000a\000d\000d\000\137\000i\000m\000a\000g\000e}{subsection.3.5.2}
\BOOKMARK [3][-]{subsubsection.3.5.2.2}{\376\377\000r\000e\000n\000d\000e\000r}{subsection.3.5.2}
\BOOKMARK [2][-]{subsection.3.5.3}{\376\377\000M\000e\000m\000b\000e\000r\000\040\000D\000a\000t\000a\000\040\000D\000o\000c\000u\000m\000e\000n\000t\000a\000t\000i\000o\000n}{section.3.5}
\BOOKMARK [3][-]{subsubsection.3.5.3.1}{\376\377\000i\000m\000a\000g\000e\000s}{subsection.3.5.3}
\BOOKMARK [1][-]{section.3.6}{\376\377\000F\000i\000n\000d\000e\000r\000\040\000C\000l\000a\000s\000s\000\040\000R\000e\000f\000e\000r\000e\000n\000c\000e}{chapter.3}
\BOOKMARK [2][-]{subsection.3.6.1}{\376\377\000C\000o\000n\000s\000t\000r\000u\000c\000t\000o\000r\000\040\000\046\000\040\000D\000e\000s\000t\000r\000u\000c\000t\000o\000r\000\040\000D\000o\000c\000u\000m\000e\000n\000t\000a\000t\000i\000o\000n}{section.3.6}
\BOOKMARK [3][-]{subsubsection.3.6.1.1}{\376\377\000F\000i\000n\000d\000e\000r}{subsection.3.6.1}
\BOOKMARK [2][-]{subsection.3.6.2}{\376\377\000M\000e\000m\000b\000e\000r\000\040\000F\000u\000n\000c\000t\000i\000o\000n\000\040\000D\000o\000c\000u\000m\000e\000n\000t\000a\000t\000i\000o\000n}{section.3.6}
\BOOKMARK [3][-]{subsubsection.3.6.2.1}{\376\377\000r\000u\000n}{subsection.3.6.2}
\BOOKMARK [1][-]{section.3.7}{\376\377\000H\000i\000s\000t\000o\000g\000r\000a\000m\000\040\000C\000l\000a\000s\000s\000\040\000R\000e\000f\000e\000r\000e\000n\000c\000e}{chapter.3}
\BOOKMARK [2][-]{subsection.3.7.1}{\376\377\000C\000o\000n\000s\000t\000r\000u\000c\000t\000o\000r\000\040\000\046\000\040\000D\000e\000s\000t\000r\000u\000c\000t\000o\000r\000\040\000D\000o\000c\000u\000m\000e\000n\000t\000a\000t\000i\000o\000n}{section.3.7}
\BOOKMARK [3][-]{subsubsection.3.7.1.1}{\376\377\000H\000i\000s\000t\000o\000g\000r\000a\000m}{subsection.3.7.1}
\BOOKMARK [3][-]{subsubsection.3.7.1.2}{\376\377\000H\000i\000s\000t\000o\000g\000r\000a\000m}{subsection.3.7.1}
\BOOKMARK [2][-]{subsection.3.7.2}{\376\377\000M\000e\000m\000b\000e\000r\000\040\000F\000u\000n\000c\000t\000i\000o\000n\000\040\000D\000o\000c\000u\000m\000e\000n\000t\000a\000t\000i\000o\000n}{section.3.7}
\BOOKMARK [3][-]{subsubsection.3.7.2.1}{\376\377\000b\000a\000c\000k\000p\000r\000o\000j\000e\000c\000t}{subsection.3.7.2}
\BOOKMARK [3][-]{subsubsection.3.7.2.2}{\376\377\000u\000p\000d\000a\000t\000e}{subsection.3.7.2}
\BOOKMARK [1][-]{section.3.8}{\376\377\000M\000a\000t\000c\000h\000e\000r\000\040\000C\000l\000a\000s\000s\000\040\000R\000e\000f\000e\000r\000e\000n\000c\000e}{chapter.3}
\BOOKMARK [2][-]{subsection.3.8.1}{\376\377\000C\000o\000n\000s\000t\000r\000u\000c\000t\000o\000r\000\040\000\046\000\040\000D\000e\000s\000t\000r\000u\000c\000t\000o\000r\000\040\000D\000o\000c\000u\000m\000e\000n\000t\000a\000t\000i\000o\000n}{section.3.8}
\BOOKMARK [3][-]{subsubsection.3.8.1.1}{\376\377\000M\000a\000t\000c\000h\000e\000r}{subsection.3.8.1}
\BOOKMARK [3][-]{subsubsection.3.8.1.2}{\376\377\000M\000a\000t\000c\000h\000e\000r}{subsection.3.8.1}
\BOOKMARK [2][-]{subsection.3.8.2}{\376\377\000M\000e\000m\000b\000e\000r\000\040\000F\000u\000n\000c\000t\000i\000o\000n\000\040\000D\000o\000c\000u\000m\000e\000n\000t\000a\000t\000i\000o\000n}{section.3.8}
\BOOKMARK [3][-]{subsubsection.3.8.2.1}{\376\377\000m\000a\000t\000c\000h}{subsection.3.8.2}
\BOOKMARK [1][-]{section.3.9}{\376\377\000S\000k\000i\000n\000F\000i\000n\000d\000e\000r\000\040\000C\000l\000a\000s\000s\000\040\000R\000e\000f\000e\000r\000e\000n\000c\000e}{chapter.3}
\BOOKMARK [2][-]{subsection.3.9.1}{\376\377\000C\000o\000n\000s\000t\000r\000u\000c\000t\000o\000r\000\040\000\046\000\040\000D\000e\000s\000t\000r\000u\000c\000t\000o\000r\000\040\000D\000o\000c\000u\000m\000e\000n\000t\000a\000t\000i\000o\000n}{section.3.9}
\BOOKMARK [3][-]{subsubsection.3.9.1.1}{\376\377\000S\000k\000i\000n\000F\000i\000n\000d\000e\000r}{subsection.3.9.1}
\BOOKMARK [2][-]{subsection.3.9.2}{\376\377\000M\000e\000m\000b\000e\000r\000\040\000F\000u\000n\000c\000t\000i\000o\000n\000\040\000D\000o\000c\000u\000m\000e\000n\000t\000a\000t\000i\000o\000n}{section.3.9}
\BOOKMARK [3][-]{subsubsection.3.9.2.1}{\376\377\000c\000o\000m\000p\000u\000t\000e}{subsection.3.9.2}
\BOOKMARK [2][-]{subsection.3.9.3}{\376\377\000M\000e\000m\000b\000e\000r\000\040\000D\000a\000t\000a\000\040\000D\000o\000c\000u\000m\000e\000n\000t\000a\000t\000i\000o\000n}{section.3.9}
\BOOKMARK [3][-]{subsubsection.3.9.3.1}{\376\377\000b\000a\000c\000k\000p\000r\000o\000j}{subsection.3.9.3}
\BOOKMARK [3][-]{subsubsection.3.9.3.2}{\376\377\000b\000l\000u\000r}{subsection.3.9.3}
\BOOKMARK [3][-]{subsubsection.3.9.3.3}{\376\377\000b\000w}{subsection.3.9.3}
\BOOKMARK [3][-]{subsubsection.3.9.3.4}{\376\377\000c\000o\000n\000t\000o\000u\000r\000s}{subsection.3.9.3}
\BOOKMARK [3][-]{subsubsection.3.9.3.5}{\376\377\000f\000a\000c\000e\000\137\000c\000e\000n\000t\000e\000r}{subsection.3.9.3}
\BOOKMARK [3][-]{subsubsection.3.9.3.6}{\376\377\000f\000a\000c\000e\000p\000i\000x\000e\000l\000s}{subsection.3.9.3}
\BOOKMARK [3][-]{subsubsection.3.9.3.7}{\376\377\000f\000r\000a\000m\000e}{subsection.3.9.3}
\BOOKMARK [3][-]{subsubsection.3.9.3.8}{\376\377\000h\000s\000v}{subsection.3.9.3}
\BOOKMARK [3][-]{subsubsection.3.9.3.9}{\376\377\000m\000a\000s\000k}{subsection.3.9.3}
\BOOKMARK [3][-]{subsubsection.3.9.3.10}{\376\377\000t\000h\000r\000e\000s\000h}{subsection.3.9.3}
\BOOKMARK [1][-]{section.3.10}{\376\377\000S\000o\000u\000r\000c\000e\000\040\000C\000l\000a\000s\000s\000\040\000R\000e\000f\000e\000r\000e\000n\000c\000e}{chapter.3}
\BOOKMARK [2][-]{subsection.3.10.1}{\376\377\000C\000o\000n\000s\000t\000r\000u\000c\000t\000o\000r\000\040\000\046\000\040\000D\000e\000s\000t\000r\000u\000c\000t\000o\000r\000\040\000D\000o\000c\000u\000m\000e\000n\000t\000a\000t\000i\000o\000n}{section.3.10}
\BOOKMARK [3][-]{subsubsection.3.10.1.1}{\376\377\000S\000o\000u\000r\000c\000e}{subsection.3.10.1}
\BOOKMARK [3][-]{subsubsection.3.10.1.2}{\376\377\000S\000o\000u\000r\000c\000e}{subsection.3.10.1}
\BOOKMARK [3][-]{subsubsection.3.10.1.3}{\376\377\000S\000o\000u\000r\000c\000e}{subsection.3.10.1}
\BOOKMARK [3][-]{subsubsection.3.10.1.4}{\376\377\000S\000o\000u\000r\000c\000e}{subsection.3.10.1}
\BOOKMARK [2][-]{subsection.3.10.2}{\376\377\000M\000e\000m\000b\000e\000r\000\040\000F\000u\000n\000c\000t\000i\000o\000n\000\040\000D\000o\000c\000u\000m\000e\000n\000t\000a\000t\000i\000o\000n}{section.3.10}
\BOOKMARK [3][-]{subsubsection.3.10.2.1}{\376\377\000g\000r\000a\000b}{subsection.3.10.2}
\BOOKMARK [2][-]{subsection.3.10.3}{\376\377\000M\000e\000m\000b\000e\000r\000\040\000D\000a\000t\000a\000\040\000D\000o\000c\000u\000m\000e\000n\000t\000a\000t\000i\000o\000n}{section.3.10}
\BOOKMARK [3][-]{subsubsection.3.10.3.1}{\376\377\000s\000i\000z\000e}{subsection.3.10.3}
\BOOKMARK [1][-]{section.3.11}{\376\377\000S\000t\000a\000b\000i\000l\000i\000z\000e\000r\000\040\000C\000l\000a\000s\000s\000\040\000R\000e\000f\000e\000r\000e\000n\000c\000e}{chapter.3}
\BOOKMARK [2][-]{subsection.3.11.1}{\376\377\000C\000o\000n\000s\000t\000r\000u\000c\000t\000o\000r\000\040\000\046\000\040\000D\000e\000s\000t\000r\000u\000c\000t\000o\000r\000\040\000D\000o\000c\000u\000m\000e\000n\000t\000a\000t\000i\000o\000n}{section.3.11}
\BOOKMARK [3][-]{subsubsection.3.11.1.1}{\376\377\000S\000t\000a\000b\000i\000l\000i\000z\000e\000r}{subsection.3.11.1}
\BOOKMARK [3][-]{subsubsection.3.11.1.2}{\376\377\000S\000t\000a\000b\000i\000l\000i\000z\000e\000r}{subsection.3.11.1}
\BOOKMARK [2][-]{subsection.3.11.2}{\376\377\000M\000e\000m\000b\000e\000r\000\040\000F\000u\000n\000c\000t\000i\000o\000n\000\040\000D\000o\000c\000u\000m\000e\000n\000t\000a\000t\000i\000o\000n}{section.3.11}
\BOOKMARK [3][-]{subsubsection.3.11.2.1}{\376\377\000g\000e\000t\000\137\000s\000t\000a\000t\000e}{subsection.3.11.2}
\BOOKMARK [3][-]{subsubsection.3.11.2.2}{\376\377\000i\000s\000\137\000a\000c\000t\000i\000v\000e}{subsection.3.11.2}
\BOOKMARK [3][-]{subsubsection.3.11.2.3}{\376\377\000s\000e\000t\000\137\000c\000a\000l\000l\000b\000a\000c\000k}{subsection.3.11.2}
\BOOKMARK [3][-]{subsubsection.3.11.2.4}{\376\377\000u\000p\000d\000a\000t\000e}{subsection.3.11.2}
\BOOKMARK [0][-]{chapter.4}{\376\377\000F\000i\000l\000e\000\040\000D\000o\000c\000u\000m\000e\000n\000t\000a\000t\000i\000o\000n}{}
\BOOKMARK [1][-]{section.4.1}{\376\377\000s\000r\000c\000/\000b\000l\000o\000b\000.\000c\000p\000p\000\040\000F\000i\000l\000e\000\040\000R\000e\000f\000e\000r\000e\000n\000c\000e}{chapter.4}
\BOOKMARK [2][-]{subsection.4.1.1}{\376\377\000F\000u\000n\000c\000t\000i\000o\000n\000\040\000D\000o\000c\000u\000m\000e\000n\000t\000a\000t\000i\000o\000n}{section.4.1}
\BOOKMARK [3][-]{subsubsection.4.1.1.1}{\376\377\000c\000o\000m\000p\000a\000r\000e\000\137\000b\000l\000o\000b\000\137\000s\000i\000z\000e}{subsection.4.1.1}
\BOOKMARK [3][-]{subsubsection.4.1.1.2}{\376\377\000c\000o\000m\000p\000a\000r\000e\000\137\000b\000l\000o\000b\000\137\000x\000p\000o\000s}{subsection.4.1.1}
\BOOKMARK [1][-]{section.4.2}{\376\377\000s\000r\000c\000/\000b\000l\000o\000b\000.\000h\000\040\000F\000i\000l\000e\000\040\000R\000e\000f\000e\000r\000e\000n\000c\000e}{chapter.4}
\BOOKMARK [2][-]{subsection.4.2.1}{\376\377\000F\000u\000n\000c\000t\000i\000o\000n\000\040\000D\000o\000c\000u\000m\000e\000n\000t\000a\000t\000i\000o\000n}{section.4.2}
\BOOKMARK [3][-]{subsubsection.4.2.1.1}{\376\377\000c\000o\000m\000p\000a\000r\000e\000\137\000b\000l\000o\000b\000\137\000s\000i\000z\000e}{subsection.4.2.1}
\BOOKMARK [3][-]{subsubsection.4.2.1.2}{\376\377\000c\000o\000m\000p\000a\000r\000e\000\137\000b\000l\000o\000b\000\137\000x\000p\000o\000s}{subsection.4.2.1}
\BOOKMARK [1][-]{section.4.3}{\376\377\000s\000r\000c\000/\000b\000o\000d\000y\000p\000a\000r\000t\000.\000c\000p\000p\000\040\000F\000i\000l\000e\000\040\000R\000e\000f\000e\000r\000e\000n\000c\000e}{chapter.4}
\BOOKMARK [1][-]{section.4.4}{\376\377\000s\000r\000c\000/\000b\000o\000d\000y\000p\000a\000r\000t\000.\000h\000\040\000F\000i\000l\000e\000\040\000R\000e\000f\000e\000r\000e\000n\000c\000e}{chapter.4}
\BOOKMARK [1][-]{section.4.5}{\376\377\000s\000r\000c\000/\000c\000a\000p\000t\000u\000r\000e\000.\000c\000p\000p\000\040\000F\000i\000l\000e\000\040\000R\000e\000f\000e\000r\000e\000n\000c\000e}{chapter.4}
\BOOKMARK [2][-]{subsection.4.5.1}{\376\377\000F\000u\000n\000c\000t\000i\000o\000n\000\040\000D\000o\000c\000u\000m\000e\000n\000t\000a\000t\000i\000o\000n}{section.4.5}
\BOOKMARK [3][-]{subsubsection.4.5.1.1}{\376\377\000m\000a\000i\000n}{subsection.4.5.1}
\BOOKMARK [1][-]{section.4.6}{\376\377\000s\000r\000c\000/\000c\000o\000m\000b\000i\000n\000e\000r\000.\000c\000p\000p\000\040\000F\000i\000l\000e\000\040\000R\000e\000f\000e\000r\000e\000n\000c\000e}{chapter.4}
\BOOKMARK [1][-]{section.4.7}{\376\377\000s\000r\000c\000/\000c\000o\000m\000b\000i\000n\000e\000r\000.\000h\000\040\000F\000i\000l\000e\000\040\000R\000e\000f\000e\000r\000e\000n\000c\000e}{chapter.4}
\BOOKMARK [1][-]{section.4.8}{\376\377\000s\000r\000c\000/\000c\000o\000m\000m\000o\000n\000.\000h\000\040\000F\000i\000l\000e\000\040\000R\000e\000f\000e\000r\000e\000n\000c\000e}{chapter.4}
\BOOKMARK [2][-]{subsection.4.8.1}{\376\377\000D\000e\000f\000i\000n\000e\000\040\000D\000o\000c\000u\000m\000e\000n\000t\000a\000t\000i\000o\000n}{section.4.8}
\BOOKMARK [3][-]{subsubsection.4.8.1.1}{\376\377\000C\000V\000\137\000N\000O\000\137\000B\000A\000C\000K\000W\000A\000R\000D\000\137\000C\000O\000M\000P\000A\000T\000I\000B\000I\000L\000I\000T\000Y}{subsection.4.8.1}
\BOOKMARK [3][-]{subsubsection.4.8.1.2}{\376\377\000S\000O\000L\000F\000E\000G\000E\000\137\000F\000I\000L\000E\000S}{subsection.4.8.1}
\BOOKMARK [2][-]{subsection.4.8.2}{\376\377\000T\000y\000p\000e\000d\000e\000f\000\040\000D\000o\000c\000u\000m\000e\000n\000t\000a\000t\000i\000o\000n}{section.4.8}
\BOOKMARK [3][-]{subsubsection.4.8.2.1}{\376\377\000c\000o\000n\000t\000o\000u\000r}{subsection.4.8.2}
\BOOKMARK [3][-]{subsubsection.4.8.2.2}{\376\377\000c\000o\000n\000t\000o\000u\000r\000s}{subsection.4.8.2}
\BOOKMARK [1][-]{section.4.9}{\376\377\000s\000r\000c\000/\000f\000i\000n\000d\000e\000r\000.\000c\000p\000p\000\040\000F\000i\000l\000e\000\040\000R\000e\000f\000e\000r\000e\000n\000c\000e}{chapter.4}
\BOOKMARK [2][-]{subsection.4.9.1}{\376\377\000F\000u\000n\000c\000t\000i\000o\000n\000\040\000D\000o\000c\000u\000m\000e\000n\000t\000a\000t\000i\000o\000n}{section.4.9}
\BOOKMARK [3][-]{subsubsection.4.9.1.1}{\376\377\000m\000a\000i\000n}{subsection.4.9.1}
\BOOKMARK [1][-]{section.4.10}{\376\377\000s\000r\000c\000/\000h\000i\000s\000t\000o\000g\000r\000a\000m\000.\000c\000p\000p\000\040\000F\000i\000l\000e\000\040\000R\000e\000f\000e\000r\000e\000n\000c\000e}{chapter.4}
\BOOKMARK [1][-]{section.4.11}{\376\377\000s\000r\000c\000/\000h\000i\000s\000t\000o\000g\000r\000a\000m\000.\000h\000\040\000F\000i\000l\000e\000\040\000R\000e\000f\000e\000r\000e\000n\000c\000e}{chapter.4}
\BOOKMARK [1][-]{section.4.12}{\376\377\000s\000r\000c\000/\000m\000a\000t\000c\000h\000e\000r\000.\000c\000p\000p\000\040\000F\000i\000l\000e\000\040\000R\000e\000f\000e\000r\000e\000n\000c\000e}{chapter.4}
\BOOKMARK [1][-]{section.4.13}{\376\377\000s\000r\000c\000/\000m\000a\000t\000c\000h\000e\000r\000.\000h\000\040\000F\000i\000l\000e\000\040\000R\000e\000f\000e\000r\000e\000n\000c\000e}{chapter.4}
\BOOKMARK [2][-]{subsection.4.13.1}{\376\377\000D\000e\000f\000i\000n\000e\000\040\000D\000o\000c\000u\000m\000e\000n\000t\000a\000t\000i\000o\000n}{section.4.13}
\BOOKMARK [3][-]{subsubsection.4.13.1.1}{\376\377\000S\000T\000A\000T\000E\000\137\000M\000A\000X}{subsection.4.13.1}
\BOOKMARK [3][-]{subsubsection.4.13.1.2}{\376\377\000S\000T\000A\000T\000E\000\137\000M\000I\000N}{subsection.4.13.1}
\BOOKMARK [3][-]{subsubsection.4.13.1.3}{\376\377\000S\000T\000A\000T\000E\000\137\000T\000H\000R\000E\000S\000H}{subsection.4.13.1}
\BOOKMARK [1][-]{section.4.14}{\376\377\000s\000r\000c\000/\000s\000e\000t\000t\000i\000n\000g\000s\000.\000h\000\040\000F\000i\000l\000e\000\040\000R\000e\000f\000e\000r\000e\000n\000c\000e}{chapter.4}
\BOOKMARK [2][-]{subsection.4.14.1}{\376\377\000D\000e\000f\000i\000n\000e\000\040\000D\000o\000c\000u\000m\000e\000n\000t\000a\000t\000i\000o\000n}{section.4.14}
\BOOKMARK [3][-]{subsubsection.4.14.1.1}{\376\377\000D\000E\000V\000I\000C\000E}{subsection.4.14.1}
\BOOKMARK [3][-]{subsubsection.4.14.1.2}{\376\377\000E\000X\000A\000M\000P\000L\000E\000S\000\137\000P\000A\000T\000H}{subsection.4.14.1}
\BOOKMARK [3][-]{subsubsection.4.14.1.3}{\376\377\000F\000A\000C\000E\000H\000A\000A\000R}{subsection.4.14.1}
\BOOKMARK [3][-]{subsubsection.4.14.1.4}{\376\377\000H\000A\000N\000D\000A}{subsection.4.14.1}
\BOOKMARK [3][-]{subsubsection.4.14.1.5}{\376\377\000H\000A\000N\000D\000B}{subsection.4.14.1}
\BOOKMARK [3][-]{subsubsection.4.14.1.6}{\376\377\000H\000A\000N\000D\000C}{subsection.4.14.1}
\BOOKMARK [3][-]{subsubsection.4.14.1.7}{\376\377\000H\000A\000N\000D\000D}{subsection.4.14.1}
\BOOKMARK [3][-]{subsubsection.4.14.1.8}{\376\377\000H\000E\000A\000D}{subsection.4.14.1}
\BOOKMARK [3][-]{subsubsection.4.14.1.9}{\376\377\000I\000N\000F\000L\000A\000T\000E\000\137\000S\000I\000Z\000E}{subsection.4.14.1}
\BOOKMARK [3][-]{subsubsection.4.14.1.10}{\376\377\000M\000A\000K\000E\000\137\000M\000O\000V\000I\000E}{subsection.4.14.1}
\BOOKMARK [3][-]{subsubsection.4.14.1.11}{\376\377\000M\000I\000R\000R\000O\000R}{subsection.4.14.1}
\BOOKMARK [3][-]{subsubsection.4.14.1.12}{\376\377\000N\000E\000W\000T\000R\000A\000I\000N\000\137\000P\000A\000T\000H}{subsection.4.14.1}
\BOOKMARK [3][-]{subsubsection.4.14.1.13}{\376\377\000S\000K\000I\000N}{subsection.4.14.1}
\BOOKMARK [3][-]{subsubsection.4.14.1.14}{\376\377\000T\000H\000R\000E\000S\000H\000O\000L\000D}{subsection.4.14.1}
\BOOKMARK [3][-]{subsubsection.4.14.1.15}{\376\377\000T\000R\000A\000I\000N\000\137\000P\000A\000T\000H}{subsection.4.14.1}
\BOOKMARK [3][-]{subsubsection.4.14.1.16}{\376\377\000W\000O\000R\000K\000S\000I\000Z\000E}{subsection.4.14.1}
\BOOKMARK [3][-]{subsubsection.4.14.1.17}{\376\377\000X\000W\000I\000N\000D\000O\000W\000S}{subsection.4.14.1}
\BOOKMARK [1][-]{section.4.15}{\376\377\000s\000r\000c\000/\000s\000k\000i\000n\000f\000i\000n\000d\000e\000r\000.\000c\000p\000p\000\040\000F\000i\000l\000e\000\040\000R\000e\000f\000e\000r\000e\000n\000c\000e}{chapter.4}
\BOOKMARK [1][-]{section.4.16}{\376\377\000s\000r\000c\000/\000s\000k\000i\000n\000f\000i\000n\000d\000e\000r\000.\000h\000\040\000F\000i\000l\000e\000\040\000R\000e\000f\000e\000r\000e\000n\000c\000e}{chapter.4}
\BOOKMARK [1][-]{section.4.17}{\376\377\000s\000r\000c\000/\000s\000o\000u\000r\000c\000e\000.\000c\000p\000p\000\040\000F\000i\000l\000e\000\040\000R\000e\000f\000e\000r\000e\000n\000c\000e}{chapter.4}
\BOOKMARK [1][-]{section.4.18}{\376\377\000s\000r\000c\000/\000s\000o\000u\000r\000c\000e\000.\000h\000\040\000F\000i\000l\000e\000\040\000R\000e\000f\000e\000r\000e\000n\000c\000e}{chapter.4}
\BOOKMARK [1][-]{section.4.19}{\376\377\000s\000r\000c\000/\000t\000e\000s\000t\000.\000c\000p\000p\000\040\000F\000i\000l\000e\000\040\000R\000e\000f\000e\000r\000e\000n\000c\000e}{chapter.4}
\BOOKMARK [2][-]{subsection.4.19.1}{\376\377\000F\000u\000n\000c\000t\000i\000o\000n\000\040\000D\000o\000c\000u\000m\000e\000n\000t\000a\000t\000i\000o\000n}{section.4.19}
\BOOKMARK [3][-]{subsubsection.4.19.1.1}{\376\377\000m\000a\000i\000n}{subsection.4.19.1}
\BOOKMARK [3][-]{subsubsection.4.19.1.2}{\376\377\000s\000i\000z\000e\000\137\000r\000o\000u\000n\000d\000e\000r}{subsection.4.19.1}
\BOOKMARK [1][-]{section.4.20}{\376\377\000s\000r\000c\000/\000t\000o\000o\000l\000s\000.\000c\000p\000p\000\040\000F\000i\000l\000e\000\040\000R\000e\000f\000e\000r\000e\000n\000c\000e}{chapter.4}
\BOOKMARK [2][-]{subsection.4.20.1}{\376\377\000F\000u\000n\000c\000t\000i\000o\000n\000\040\000D\000o\000c\000u\000m\000e\000n\000t\000a\000t\000i\000o\000n}{section.4.20}
\BOOKMARK [3][-]{subsubsection.4.20.1.1}{\376\377\000d\000i\000l\000a\000t\000e\000\137\000c\000o\000n\000t\000o\000u\000r}{subsection.4.20.1}
\BOOKMARK [3][-]{subsubsection.4.20.1.2}{\376\377\000i\000n\000f\000l\000a\000t\000e\000\137\000c\000o\000n\000t\000o\000u\000r}{subsection.4.20.1}
\BOOKMARK [3][-]{subsubsection.4.20.1.3}{\376\377\000i\000s\000\137\000n\000u\000m\000b\000e\000r}{subsection.4.20.1}
\BOOKMARK [3][-]{subsubsection.4.20.1.4}{\376\377\000l\000o\000a\000d\000\137\000e\000x\000a\000m\000p\000l\000e\000\137\000h\000a\000n\000d\000s}{subsection.4.20.1}
\BOOKMARK [3][-]{subsubsection.4.20.1.5}{\376\377\000r\000e\000c\000t\000\137\000i\000n\000\137\000m\000a\000t}{subsection.4.20.1}
\BOOKMARK [3][-]{subsubsection.4.20.1.6}{\376\377\000r\000o\000u\000n\000d\000\137\000k\000e\000r\000n\000e\000l}{subsection.4.20.1}
\BOOKMARK [3][-]{subsubsection.4.20.1.7}{\376\377\000s\000c\000a\000l\000e\000\137\000c\000o\000n\000t\000o\000u\000r}{subsection.4.20.1}
\BOOKMARK [3][-]{subsubsection.4.20.1.8}{\376\377\000s\000c\000a\000l\000e\000\137\000c\000o\000n\000t\000o\000u\000r\000s}{subsection.4.20.1}
\BOOKMARK [3][-]{subsubsection.4.20.1.9}{\376\377\000s\000h\000o\000w\000\137\000m\000a\000t}{subsection.4.20.1}
\BOOKMARK [3][-]{subsubsection.4.20.1.10}{\376\377\000s\000u\000b\000\137\000r\000e\000g\000i\000o\000n}{subsection.4.20.1}
\BOOKMARK [3][-]{subsubsection.4.20.1.11}{\376\377\000s\000u\000m}{subsection.4.20.1}
\BOOKMARK [1][-]{section.4.21}{\376\377\000s\000r\000c\000/\000t\000o\000o\000l\000s\000.\000h\000\040\000F\000i\000l\000e\000\040\000R\000e\000f\000e\000r\000e\000n\000c\000e}{chapter.4}
\BOOKMARK [2][-]{subsection.4.21.1}{\376\377\000F\000u\000n\000c\000t\000i\000o\000n\000\040\000D\000o\000c\000u\000m\000e\000n\000t\000a\000t\000i\000o\000n}{section.4.21}
\BOOKMARK [3][-]{subsubsection.4.21.1.1}{\376\377\000d\000i\000l\000a\000t\000e\000\137\000c\000o\000n\000t\000o\000u\000r}{subsection.4.21.1}
\BOOKMARK [3][-]{subsubsection.4.21.1.2}{\376\377\000i\000n\000f\000l\000a\000t\000e\000\137\000c\000o\000n\000t\000o\000u\000r}{subsection.4.21.1}
\BOOKMARK [3][-]{subsubsection.4.21.1.3}{\376\377\000i\000s\000\137\000n\000u\000m\000b\000e\000r}{subsection.4.21.1}
\BOOKMARK [3][-]{subsubsection.4.21.1.4}{\376\377\000l\000o\000a\000d\000\137\000e\000x\000a\000m\000p\000l\000e\000\137\000h\000a\000n\000d\000s}{subsection.4.21.1}
\BOOKMARK [3][-]{subsubsection.4.21.1.5}{\376\377\000r\000e\000c\000t\000\137\000i\000n\000\137\000m\000a\000t}{subsection.4.21.1}
\BOOKMARK [3][-]{subsubsection.4.21.1.6}{\376\377\000r\000o\000u\000n\000d\000\137\000k\000e\000r\000n\000e\000l}{subsection.4.21.1}
\BOOKMARK [3][-]{subsubsection.4.21.1.7}{\376\377\000s\000c\000a\000l\000e\000\137\000c\000o\000n\000t\000o\000u\000r}{subsection.4.21.1}
\BOOKMARK [3][-]{subsubsection.4.21.1.8}{\376\377\000s\000c\000a\000l\000e\000\137\000c\000o\000n\000t\000o\000u\000r\000s}{subsection.4.21.1}
\BOOKMARK [3][-]{subsubsection.4.21.1.9}{\376\377\000s\000h\000o\000w\000\137\000m\000a\000t}{subsection.4.21.1}
\BOOKMARK [3][-]{subsubsection.4.21.1.10}{\376\377\000s\000u\000b\000\137\000r\000e\000g\000i\000o\000n}{subsection.4.21.1}
\BOOKMARK [3][-]{subsubsection.4.21.1.11}{\376\377\000s\000u\000m}{subsection.4.21.1}
